<?xml version="1.0" encoding="UTF-8"?>
<testsuite name="com.bridgelabz.moodanalysertest.MoodAnalyserTest" tests="3" skipped="0" failures="0" errors="0" timestamp="2022-12-07T12:29:50" hostname="SUDHA" time="0.026">
  <properties/>
  <testcase name="shouldReturnHappyMood()" classname="com.bridgelabz.moodanalysertest.MoodAnalyserTest" time="0.021"/>
  <testcase name="ShouldHandleNullMessage()" classname="com.bridgelabz.moodanalysertest.MoodAnalyserTest" time="0.002"/>
  <testcase name="shouldReturnSadMood()" classname="com.bridgelabz.moodanalysertest.MoodAnalyserTest" time="0.001"/>
  <system-out><![CDATA[]]></system-out>
  <system-err><![CDATA[]]></system-err>
</testsuite>
