<?xml version="1.0" encoding="UTF-8"?>
<testsuite name="com.bridgelabz.moodanalysertest.MoodAnalyserTest" tests="2" skipped="0" failures="0" errors="0" timestamp="2022-12-05T17:04:50" hostname="SUDHA" time="0.014">
  <properties/>
  <testcase name="shouldReturnHappyMood()" classname="com.bridgelabz.moodanalysertest.MoodAnalyserTest" time="0.013"/>
  <testcase name="shouldReturnSadMood()" classname="com.bridgelabz.moodanalysertest.MoodAnalyserTest" time="0.0"/>
  <system-out><![CDATA[]]></system-out>
  <system-err><![CDATA[]]></system-err>
</testsuite>
