<?xml version="1.0" encoding="UTF-8"?>
<testsuite name="com.bridgelabz.moodanalysertest.MoodAnalyserTest" tests="1" skipped="0" failures="0" errors="0" timestamp="2022-12-02T17:45:06" hostname="SUDHA" time="0.01">
  <properties/>
  <testcase name="shouldReturnSadMood()" classname="com.bridgelabz.moodanalysertest.MoodAnalyserTest" time="0.01"/>
  <system-out><![CDATA[]]></system-out>
  <system-err><![CDATA[]]></system-err>
</testsuite>
